{
  "E:/Courses/RS-SCHOOLL/STAGE 3/react-rss/react/src/reducers/searchSlice.ts": {
    "path": "E:/Courses/RS-SCHOOLL/STAGE 3/react-rss/react/src/reducers/searchSlice.ts",
    "statementMap": {
      "0": {
        "start": {
          "line": 2,
          "column": 27
        },
        "end": {
          "line": 13,
          "column": 2
        }
      },
      "1": {
        "start": {
          "line": 9,
          "column": 20
        },
        "end": {
          "line": 9,
          "column": 34
        }
      },
      "2": {
        "start": {
          "line": 10,
          "column": 6
        },
        "end": {
          "line": 10,
          "column": 33
        }
      },
      "3": {
        "start": {
          "line": 14,
          "column": 36
        },
        "end": {
          "line": 14,
          "column": 47
        }
      }
    },
    "fnMap": {
      "0": {
        "name": "(anonymous_0)",
        "decl": {
          "start": {
            "line": 8,
            "column": 11
          },
          "end": {
            "line": 8,
            "column": 12
          }
        },
        "loc": {
          "start": {
            "line": 8,
            "column": 30
          },
          "end": {
            "line": 11,
            "column": 5
          }
        },
        "line": 8
      }
    },
    "branchMap": {},
    "s": {
      "0": 1,
      "1": 1,
      "2": 1,
      "3": 1
    },
    "f": {
      "0": 1
    },
    "b": {},
    "inputSourceMap": {
      "version": 3,
      "sources": [
        "E:/Courses/RS-SCHOOLL/STAGE 3/react-rss/react/src/reducers/searchSlice.ts"
      ],
      "mappings": "AAAA,SAAS,mBAAmB;AAErB,aAAM,cAAc,YAAY;AAAA,EACrC,MAAM;AAAA,EACN,cAAc;AAAA,IACZ,OAAO;AAAA,EACT;AAAA,EACA,UAAU;AAAA,IACR,OAAO,CAAC,OAAO,WAAW;AACxB,YAAM,QAAQ,OAAO;AACrB,aAAO,EAAE,GAAG,OAAO,MAAM;AAAA,IAC3B;AAAA,EACF;AACF,CAAC;AAEM,aAAM,EAAE,SAAS,QAAQ,IAAI;",
      "names": []
    },
    "_coverageSchema": "1a1c01bbd47fc00a2c39e90264f33305004495a9",
    "hash": "c78f39b07911ea0afeab6ca05cfd967e019c8a23"
  },
  "E:/Courses/RS-SCHOOLL/STAGE 3/react-rss/react/src/reducers/formSlice.ts": {
    "path": "E:/Courses/RS-SCHOOLL/STAGE 3/react-rss/react/src/reducers/formSlice.ts",
    "statementMap": {
      "0": {
        "start": {
          "line": 2,
          "column": 25
        },
        "end": {
          "line": 11,
          "column": 2
        }
      },
      "1": {
        "start": {
          "line": 7,
          "column": 19
        },
        "end": {
          "line": 7,
          "column": 33
        }
      },
      "2": {
        "start": {
          "line": 8,
          "column": 6
        },
        "end": {
          "line": 8,
          "column": 23
        }
      },
      "3": {
        "start": {
          "line": 12,
          "column": 36
        },
        "end": {
          "line": 12,
          "column": 45
        }
      }
    },
    "fnMap": {
      "0": {
        "name": "(anonymous_0)",
        "decl": {
          "start": {
            "line": 6,
            "column": 17
          },
          "end": {
            "line": 6,
            "column": 18
          }
        },
        "loc": {
          "start": {
            "line": 6,
            "column": 36
          },
          "end": {
            "line": 9,
            "column": 5
          }
        },
        "line": 6
      }
    },
    "branchMap": {},
    "s": {
      "0": 1,
      "1": 0,
      "2": 0,
      "3": 1
    },
    "f": {
      "0": 0
    },
    "b": {},
    "inputSourceMap": {
      "version": 3,
      "sources": [
        "E:/Courses/RS-SCHOOLL/STAGE 3/react-rss/react/src/reducers/formSlice.ts"
      ],
      "mappings": "AAAA,SAAS,mBAAmB;AAGrB,aAAM,YAAY,YAAY;AAAA,EACnC,MAAM;AAAA,EACN,cAAc,CAAC;AAAA,EACf,UAAU;AAAA,IACR,aAAa,CAAC,OAAO,WAAW;AAC9B,YAAM,OAAO,OAAO;AACpB,YAAM,KAAK,IAAI;AAAA,IACjB;AAAA,EACF;AACF,CAAC;AAEM,aAAM,EAAE,SAAS,QAAQ,IAAI;",
      "names": []
    },
    "_coverageSchema": "1a1c01bbd47fc00a2c39e90264f33305004495a9",
    "hash": "504fad987a8e5cbff296652ec81a5d43821e589b"
  },
  "E:/Courses/RS-SCHOOLL/STAGE 3/react-rss/react/src/api/api.tsx": {
    "path": "E:/Courses/RS-SCHOOLL/STAGE 3/react-rss/react/src/api/api.tsx",
    "statementMap": {
      "0": {
        "start": {
          "line": 2,
          "column": 17
        },
        "end": {
          "line": 2,
          "column": 48
        }
      },
      "1": {
        "start": {
          "line": 3,
          "column": 16
        },
        "end": {
          "line": 3,
          "column": 58
        }
      },
      "2": {
        "start": {
          "line": 4,
          "column": 19
        },
        "end": {
          "line": 18,
          "column": 2
        }
      },
      "3": {
        "start": {
          "line": 10,
          "column": 27
        },
        "end": {
          "line": 17,
          "column": 3
        }
      },
      "4": {
        "start": {
          "line": 12,
          "column": 24
        },
        "end": {
          "line": 12,
          "column": 29
        }
      },
      "5": {
        "start": {
          "line": 15,
          "column": 21
        },
        "end": {
          "line": 15,
          "column": 45
        }
      },
      "6": {
        "start": {
          "line": 22,
          "column": 4
        },
        "end": {
          "line": 22,
          "column": 7
        }
      }
    },
    "fnMap": {
      "0": {
        "name": "(anonymous_0)",
        "decl": {
          "start": {
            "line": 10,
            "column": 13
          },
          "end": {
            "line": 10,
            "column": 14
          }
        },
        "loc": {
          "start": {
            "line": 10,
            "column": 27
          },
          "end": {
            "line": 17,
            "column": 3
          }
        },
        "line": 10
      },
      "1": {
        "name": "(anonymous_1)",
        "decl": {
          "start": {
            "line": 12,
            "column": 13
          },
          "end": {
            "line": 12,
            "column": 14
          }
        },
        "loc": {
          "start": {
            "line": 12,
            "column": 24
          },
          "end": {
            "line": 12,
            "column": 29
          }
        },
        "line": 12
      },
      "2": {
        "name": "(anonymous_2)",
        "decl": {
          "start": {
            "line": 15,
            "column": 13
          },
          "end": {
            "line": 15,
            "column": 14
          }
        },
        "loc": {
          "start": {
            "line": 15,
            "column": 21
          },
          "end": {
            "line": 15,
            "column": 45
          }
        },
        "line": 15
      }
    },
    "branchMap": {},
    "s": {
      "0": 1,
      "1": 1,
      "2": 1,
      "3": 1,
      "4": 2,
      "5": 0,
      "6": 1
    },
    "f": {
      "0": 1,
      "1": 2,
      "2": 0
    },
    "b": {},
    "inputSourceMap": {
      "version": 3,
      "mappings": "AAAA,SAASA,WAAWC,sBAAsB;AAC1C,MAAMC,WAAW;AACjB,MAAMC,UAAU;AACT,aAAMC,MAAMJ,UAAU;AAAA,EAC3BK,aAAa;AAAA,EACbC,UAAU,CAAC,QAAQ;AAAA,EACnBC,WAAWN,eAAe;AAAA,IACxBO,SAASN;AAAAA,EACX,CAAC;AAAA,EACDO,WAAYC,cAAa;AAAA,IACvBC,WAAWD,QAAQE,MAAM;AAAA,MACvBA,OAAOA,CAACC,UAAkBA;AAAAA,IAC5B,CAAC;AAAA,IACDC,UAAUJ,QAAQE,MAAM;AAAA,MACtBA,OAAOA,CAACG,OAAyB,SAAQA,MAAMZ;AAAAA,IACjD,CAAC;AAAA,EACH;AACF,CAAC;AAEM,aAAM;AAAA,EAAEa;AAAAA,EAAmBC;AAAiB,IAAIb",
      "names": [
        "createApi",
        "fetchBaseQuery",
        "BASE_URL",
        "API_KEY",
        "api",
        "reducerPath",
        "tagTypes",
        "baseQuery",
        "baseUrl",
        "endpoints",
        "builder",
        "getMovies",
        "query",
        "param",
        "getMovie",
        "id",
        "useGetMoviesQuery",
        "useGetMovieQuery"
      ],
      "sources": [
        "E:/Courses/RS-SCHOOLL/STAGE 3/react-rss/react/src/api/api.tsx"
      ],
      "file": "E:/Courses/RS-SCHOOLL/STAGE 3/react-rss/react/src/api/api.tsx"
    },
    "_coverageSchema": "1a1c01bbd47fc00a2c39e90264f33305004495a9",
    "hash": "c7e7ebed7a6fa8bbb02709e6c7ca4d84d636360b"
  },
  "E:/Courses/RS-SCHOOLL/STAGE 3/react-rss/react/src/redux/store.ts": {
    "path": "E:/Courses/RS-SCHOOLL/STAGE 3/react-rss/react/src/redux/store.ts",
    "statementMap": {
      "0": {
        "start": {
          "line": 5,
          "column": 17
        },
        "end": {
          "line": 9,
          "column": 2
        }
      },
      "1": {
        "start": {
          "line": 10,
          "column": 21
        },
        "end": {
          "line": 13,
          "column": 2
        }
      },
      "2": {
        "start": {
          "line": 12,
          "column": 40
        },
        "end": {
          "line": 12,
          "column": 85
        }
      }
    },
    "fnMap": {
      "0": {
        "name": "(anonymous_0)",
        "decl": {
          "start": {
            "line": 12,
            "column": 14
          },
          "end": {
            "line": 12,
            "column": 15
          }
        },
        "loc": {
          "start": {
            "line": 12,
            "column": 40
          },
          "end": {
            "line": 12,
            "column": 85
          }
        },
        "line": 12
      }
    },
    "branchMap": {},
    "s": {
      "0": 1,
      "1": 1,
      "2": 1
    },
    "f": {
      "0": 1
    },
    "b": {},
    "inputSourceMap": {
      "version": 3,
      "sources": [
        "E:/Courses/RS-SCHOOLL/STAGE 3/react-rss/react/src/redux/store.ts"
      ],
      "mappings": "AAAA,SAAS,gBAAgB,uBAAuB;AAChD,SAAS,WAAW,mBAAmB;AACvC,SAAS,WAAW,eAAe;AACnC,SAAS,WAAW;AAEpB,MAAM,WAAW,gBAAgB;AAAA,EAC/B,QAAQ;AAAA,EACR,WAAW;AAAA,EACX,CAAC,IAAI,WAAW,GAAG,IAAI;AACzB,CAAC;AACM,aAAM,QAAQ,eAAe;AAAA,EAClC,SAAS;AAAA,EACT,YAAY,CAAC,yBAAyB,qBAAqB,EAAE,OAAO,IAAI,UAAU;AACpF,CAAC;AAED,eAAe;",
      "names": []
    },
    "_coverageSchema": "1a1c01bbd47fc00a2c39e90264f33305004495a9",
    "hash": "15f1e9f2e036e19ca7b362c653277967434dc3ab"
  },
  "E:/Courses/RS-SCHOOLL/STAGE 3/react-rss/react/src/components/Header/Header.tsx": {
    "path": "E:/Courses/RS-SCHOOLL/STAGE 3/react-rss/react/src/components/Header/Header.tsx",
    "statementMap": {
      "0": {
        "start": {
          "line": 5,
          "column": 0
        },
        "end": {
          "line": 15,
          "column": 1
        }
      },
      "1": {
        "start": {
          "line": 6,
          "column": 2
        },
        "end": {
          "line": 8,
          "column": 3
        }
      },
      "2": {
        "start": {
          "line": 7,
          "column": 4
        },
        "end": {
          "line": 7,
          "column": 165
        }
      },
      "3": {
        "start": {
          "line": 9,
          "column": 2
        },
        "end": {
          "line": 9,
          "column": 39
        }
      },
      "4": {
        "start": {
          "line": 10,
          "column": 2
        },
        "end": {
          "line": 10,
          "column": 39
        }
      },
      "5": {
        "start": {
          "line": 11,
          "column": 2
        },
        "end": {
          "line": 13,
          "column": 4
        }
      },
      "6": {
        "start": {
          "line": 12,
          "column": 4
        },
        "end": {
          "line": 12,
          "column": 122
        }
      },
      "7": {
        "start": {
          "line": 14,
          "column": 2
        },
        "end": {
          "line": 14,
          "column": 75
        }
      },
      "8": {
        "start": {
          "line": 16,
          "column": 9
        },
        "end": {
          "line": 16,
          "column": 23
        }
      },
      "9": {
        "start": {
          "line": 19,
          "column": 31
        },
        "end": {
          "line": 27,
          "column": 1
        }
      },
      "10": {
        "start": {
          "line": 20,
          "column": 2
        },
        "end": {
          "line": 20,
          "column": 7
        }
      },
      "11": {
        "start": {
          "line": 21,
          "column": 19
        },
        "end": {
          "line": 21,
          "column": 32
        }
      },
      "12": {
        "start": {
          "line": 22,
          "column": 2
        },
        "end": {
          "line": 26,
          "column": 11
        }
      },
      "13": {
        "start": {
          "line": 28,
          "column": 0
        },
        "end": {
          "line": 30,
          "column": 3
        }
      },
      "14": {
        "start": {
          "line": 29,
          "column": 2
        },
        "end": {
          "line": 29,
          "column": 23
        }
      },
      "15": {
        "start": {
          "line": 31,
          "column": 0
        },
        "end": {
          "line": 31,
          "column": 21
        }
      },
      "16": {
        "start": {
          "line": 32,
          "column": 15
        },
        "end": {
          "line": 76,
          "column": 1
        }
      },
      "17": {
        "start": {
          "line": 33,
          "column": 2
        },
        "end": {
          "line": 75,
          "column": 11
        }
      },
      "18": {
        "start": {
          "line": 77,
          "column": 0
        },
        "end": {
          "line": 77,
          "column": 13
        }
      },
      "19": {
        "start": {
          "line": 80,
          "column": 0
        },
        "end": {
          "line": 80,
          "column": 36
        }
      },
      "20": {
        "start": {
          "line": 81,
          "column": 0
        },
        "end": {
          "line": 81,
          "column": 28
        }
      },
      "21": {
        "start": {
          "line": 82,
          "column": 0
        },
        "end": {
          "line": 98,
          "column": 1
        }
      },
      "22": {
        "start": {
          "line": 83,
          "column": 2
        },
        "end": {
          "line": 83,
          "column": 39
        }
      },
      "23": {
        "start": {
          "line": 84,
          "column": 2
        },
        "end": {
          "line": 84,
          "column": 39
        }
      },
      "24": {
        "start": {
          "line": 85,
          "column": 2
        },
        "end": {
          "line": 97,
          "column": 5
        }
      },
      "25": {
        "start": {
          "line": 89,
          "column": 4
        },
        "end": {
          "line": 89,
          "column": 148
        }
      },
      "26": {
        "start": {
          "line": 90,
          "column": 4
        },
        "end": {
          "line": 96,
          "column": 7
        }
      },
      "27": {
        "start": {
          "line": 91,
          "column": 6
        },
        "end": {
          "line": 92,
          "column": 15
        }
      },
      "28": {
        "start": {
          "line": 92,
          "column": 8
        },
        "end": {
          "line": 92,
          "column": 15
        }
      },
      "29": {
        "start": {
          "line": 93,
          "column": 32
        },
        "end": {
          "line": 93,
          "column": 115
        }
      },
      "30": {
        "start": {
          "line": 94,
          "column": 6
        },
        "end": {
          "line": 95,
          "column": 54
        }
      },
      "31": {
        "start": {
          "line": 95,
          "column": 8
        },
        "end": {
          "line": 95,
          "column": 54
        }
      }
    },
    "fnMap": {
      "0": {
        "name": "(anonymous_0)",
        "decl": {
          "start": {
            "line": 11,
            "column": 24
          },
          "end": {
            "line": 11,
            "column": 25
          }
        },
        "loc": {
          "start": {
            "line": 11,
            "column": 38
          },
          "end": {
            "line": 13,
            "column": 3
          }
        },
        "line": 11
      },
      "1": {
        "name": "(anonymous_1)",
        "decl": {
          "start": {
            "line": 19,
            "column": 31
          },
          "end": {
            "line": 19,
            "column": 32
          }
        },
        "loc": {
          "start": {
            "line": 19,
            "column": 37
          },
          "end": {
            "line": 27,
            "column": 1
          }
        },
        "line": 19
      },
      "2": {
        "name": "(anonymous_2)",
        "decl": {
          "start": {
            "line": 28,
            "column": 59
          },
          "end": {
            "line": 28,
            "column": 60
          }
        },
        "loc": {
          "start": {
            "line": 28,
            "column": 70
          },
          "end": {
            "line": 30,
            "column": 1
          }
        },
        "line": 28
      },
      "3": {
        "name": "(anonymous_3)",
        "decl": {
          "start": {
            "line": 32,
            "column": 15
          },
          "end": {
            "line": 32,
            "column": 16
          }
        },
        "loc": {
          "start": {
            "line": 32,
            "column": 21
          },
          "end": {
            "line": 76,
            "column": 1
          }
        },
        "line": 32
      },
      "4": {
        "name": "(anonymous_4)",
        "decl": {
          "start": {
            "line": 88,
            "column": 9
          },
          "end": {
            "line": 88,
            "column": 10
          }
        },
        "loc": {
          "start": {
            "line": 88,
            "column": 29
          },
          "end": {
            "line": 97,
            "column": 3
          }
        },
        "line": 88
      },
      "5": {
        "name": "(anonymous_5)",
        "decl": {
          "start": {
            "line": 90,
            "column": 27
          },
          "end": {
            "line": 90,
            "column": 28
          }
        },
        "loc": {
          "start": {
            "line": 90,
            "column": 44
          },
          "end": {
            "line": 96,
            "column": 5
          }
        },
        "line": 90
      }
    },
    "branchMap": {
      "0": {
        "loc": {
          "start": {
            "line": 5,
            "column": 0
          },
          "end": {
            "line": 15,
            "column": 1
          }
        },
        "type": "if",
        "locations": [
          {
            "start": {
              "line": 5,
              "column": 0
            },
            "end": {
              "line": 15,
              "column": 1
            }
          },
          {
            "start": {},
            "end": {}
          }
        ],
        "line": 5
      },
      "1": {
        "loc": {
          "start": {
            "line": 6,
            "column": 2
          },
          "end": {
            "line": 8,
            "column": 3
          }
        },
        "type": "if",
        "locations": [
          {
            "start": {
              "line": 6,
              "column": 2
            },
            "end": {
              "line": 8,
              "column": 3
            }
          },
          {
            "start": {},
            "end": {}
          }
        ],
        "line": 6
      },
      "2": {
        "loc": {
          "start": {
            "line": 22,
            "column": 52
          },
          "end": {
            "line": 22,
            "column": 114
          }
        },
        "type": "cond-expr",
        "locations": [
          {
            "start": {
              "line": 22,
              "column": 79
            },
            "end": {
              "line": 22,
              "column": 85
            }
          },
          {
            "start": {
              "line": 22,
              "column": 88
            },
            "end": {
              "line": 22,
              "column": 114
            }
          }
        ],
        "line": 22
      },
      "3": {
        "loc": {
          "start": {
            "line": 82,
            "column": 0
          },
          "end": {
            "line": 98,
            "column": 1
          }
        },
        "type": "if",
        "locations": [
          {
            "start": {
              "line": 82,
              "column": 0
            },
            "end": {
              "line": 98,
              "column": 1
            }
          },
          {
            "start": {},
            "end": {}
          }
        ],
        "line": 82
      },
      "4": {
        "loc": {
          "start": {
            "line": 91,
            "column": 6
          },
          "end": {
            "line": 92,
            "column": 15
          }
        },
        "type": "if",
        "locations": [
          {
            "start": {
              "line": 91,
              "column": 6
            },
            "end": {
              "line": 92,
              "column": 15
            }
          },
          {
            "start": {},
            "end": {}
          }
        ],
        "line": 91
      },
      "5": {
        "loc": {
          "start": {
            "line": 94,
            "column": 6
          },
          "end": {
            "line": 95,
            "column": 54
          }
        },
        "type": "if",
        "locations": [
          {
            "start": {
              "line": 94,
              "column": 6
            },
            "end": {
              "line": 95,
              "column": 54
            }
          },
          {
            "start": {},
            "end": {}
          }
        ],
        "line": 94
      }
    },
    "s": {
      "0": 1,
      "1": 1,
      "2": 0,
      "3": 1,
      "4": 1,
      "5": 1,
      "6": 2,
      "7": 1,
      "8": 1,
      "9": 1,
      "10": 3,
      "11": 3,
      "12": 3,
      "13": 1,
      "14": 1,
      "15": 1,
      "16": 1,
      "17": 1,
      "18": 1,
      "19": 1,
      "20": 1,
      "21": 1,
      "22": 1,
      "23": 1,
      "24": 1,
      "25": 1,
      "26": 1,
      "27": 0,
      "28": 0,
      "29": 0,
      "30": 0,
      "31": 0
    },
    "f": {
      "0": 2,
      "1": 3,
      "2": 1,
      "3": 1,
      "4": 1,
      "5": 0
    },
    "b": {
      "0": [
        1,
        0
      ],
      "1": [
        0,
        1
      ],
      "2": [
        2,
        1
      ],
      "3": [
        1,
        0
      ],
      "4": [
        0,
        0
      ],
      "5": [
        0,
        0
      ]
    },
    "inputSourceMap": {
      "version": 3,
      "mappings": "AAMS;;;;;;;;;;;;;;;;AALT,SAASA,SAASC,mBAAmB;AACrC,OAAO;AAEA,aAAMC,kBAAkBA,MAAM;AAAAC;AACnC,QAAMC,WAAWH,YAAW;AAC5B,SAAO,uBAAC,UAAMG,mBAASC,YAAY,MAAM,SAASD,SAASC,SAASC,MAAM,CAAC,KAApE;AAAA;AAAA;AAAA;AAAA,SAAsE;AAC/E;AAAEH,GAHWD,iBAAe;AAAA,UACTD,WAAW;AAAA;AAAAM,KADjBL;AAKb,MAAMM,SAASA,MAAM;AACnB,SACE,uBAAC,YAAO,WAAU,UAChB,iCAAC,SAAI,WAAU,qBACb;AAAA,2BAAC,QAAG,WAAU,iBAAe;AAAA;AAAA,MACb,uBAAC,qBAAD;AAAA;AAAA;AAAA;AAAA,aAAgB;AAAA,SADhC;AAAA;AAAA;AAAA;AAAA,WAEA;AAAA,IACA,uBAAC,SAAI,WAAU,sBACb;AAAA,6BAAC,WAAQ,IAAG,KAAI,WAAU,gBAAc,oBAAxC;AAAA;AAAA;AAAA;AAAA,aAEA;AAAA,MACA,uBAAC,WAAQ,IAAG,UAAS,WAAU,gBAAc,qBAA7C;AAAA;AAAA;AAAA;AAAA,aAEA;AAAA,MACA,uBAAC,WAAQ,IAAG,SAAQ,WAAU,gBAAc,oBAA5C;AAAA;AAAA;AAAA;AAAA,aAEA;AAAA,SATF;AAAA;AAAA;AAAA;AAAA,WAUA;AAAA,OAdF;AAAA;AAAA;AAAA;AAAA,SAeA,KAhBF;AAAA;AAAA;AAAA;AAAA,SAiBA;AAEJ;AAAEC,MArBID;AAuBN,eAAeA;AAAO;AAAAE;AAAAA",
      "names": [
        "NavLink",
        "useLocation",
        "LocationDisplay",
        "_s",
        "location",
        "pathname",
        "slice",
        "_c",
        "Header",
        "_c2",
        "$RefreshReg$"
      ],
      "sources": [
        "E:/Courses/RS-SCHOOLL/STAGE 3/react-rss/react/src/components/Header/Header.tsx"
      ],
      "file": "E:/Courses/RS-SCHOOLL/STAGE 3/react-rss/react/src/components/Header/Header.tsx"
    },
    "_coverageSchema": "1a1c01bbd47fc00a2c39e90264f33305004495a9",
    "hash": "b3e4eee2573ad7be9ba1e8f075d1ee38dac6940e"
  },
  "E:/Courses/RS-SCHOOLL/STAGE 3/react-rss/react/src/components/Search/Search.tsx": {
    "path": "E:/Courses/RS-SCHOOLL/STAGE 3/react-rss/react/src/components/Search/Search.tsx",
    "statementMap": {
      "0": {
        "start": {
          "line": 5,
          "column": 0
        },
        "end": {
          "line": 15,
          "column": 1
        }
      },
      "1": {
        "start": {
          "line": 6,
          "column": 2
        },
        "end": {
          "line": 8,
          "column": 3
        }
      },
      "2": {
        "start": {
          "line": 7,
          "column": 4
        },
        "end": {
          "line": 7,
          "column": 165
        }
      },
      "3": {
        "start": {
          "line": 9,
          "column": 2
        },
        "end": {
          "line": 9,
          "column": 39
        }
      },
      "4": {
        "start": {
          "line": 10,
          "column": 2
        },
        "end": {
          "line": 10,
          "column": 39
        }
      },
      "5": {
        "start": {
          "line": 11,
          "column": 2
        },
        "end": {
          "line": 13,
          "column": 4
        }
      },
      "6": {
        "start": {
          "line": 12,
          "column": 4
        },
        "end": {
          "line": 12,
          "column": 122
        }
      },
      "7": {
        "start": {
          "line": 14,
          "column": 2
        },
        "end": {
          "line": 14,
          "column": 75
        }
      },
      "8": {
        "start": {
          "line": 16,
          "column": 9
        },
        "end": {
          "line": 16,
          "column": 23
        }
      },
      "9": {
        "start": {
          "line": 21,
          "column": 15
        },
        "end": {
          "line": 46,
          "column": 1
        }
      },
      "10": {
        "start": {
          "line": 22,
          "column": 2
        },
        "end": {
          "line": 22,
          "column": 7
        }
      },
      "11": {
        "start": {
          "line": 23,
          "column": 19
        },
        "end": {
          "line": 23,
          "column": 32
        }
      },
      "12": {
        "start": {
          "line": 24,
          "column": 17
        },
        "end": {
          "line": 24,
          "column": 53
        }
      },
      "13": {
        "start": {
          "line": 24,
          "column": 40
        },
        "end": {
          "line": 24,
          "column": 52
        }
      },
      "14": {
        "start": {
          "line": 25,
          "column": 22
        },
        "end": {
          "line": 25,
          "column": 34
        }
      },
      "15": {
        "start": {
          "line": 26,
          "column": 23
        },
        "end": {
          "line": 29,
          "column": 3
        }
      },
      "16": {
        "start": {
          "line": 27,
          "column": 4
        },
        "end": {
          "line": 27,
          "column": 23
        }
      },
      "17": {
        "start": {
          "line": 28,
          "column": 4
        },
        "end": {
          "line": 28,
          "column": 56
        }
      },
      "18": {
        "start": {
          "line": 30,
          "column": 2
        },
        "end": {
          "line": 45,
          "column": 11
        }
      },
      "19": {
        "start": {
          "line": 47,
          "column": 0
        },
        "end": {
          "line": 49,
          "column": 3
        }
      },
      "20": {
        "start": {
          "line": 48,
          "column": 2
        },
        "end": {
          "line": 48,
          "column": 36
        }
      },
      "21": {
        "start": {
          "line": 50,
          "column": 0
        },
        "end": {
          "line": 50,
          "column": 12
        }
      },
      "22": {
        "start": {
          "line": 53,
          "column": 0
        },
        "end": {
          "line": 53,
          "column": 27
        }
      },
      "23": {
        "start": {
          "line": 54,
          "column": 0
        },
        "end": {
          "line": 70,
          "column": 1
        }
      },
      "24": {
        "start": {
          "line": 55,
          "column": 2
        },
        "end": {
          "line": 55,
          "column": 39
        }
      },
      "25": {
        "start": {
          "line": 56,
          "column": 2
        },
        "end": {
          "line": 56,
          "column": 39
        }
      },
      "26": {
        "start": {
          "line": 57,
          "column": 2
        },
        "end": {
          "line": 69,
          "column": 5
        }
      },
      "27": {
        "start": {
          "line": 61,
          "column": 4
        },
        "end": {
          "line": 61,
          "column": 148
        }
      },
      "28": {
        "start": {
          "line": 62,
          "column": 4
        },
        "end": {
          "line": 68,
          "column": 7
        }
      },
      "29": {
        "start": {
          "line": 63,
          "column": 6
        },
        "end": {
          "line": 64,
          "column": 15
        }
      },
      "30": {
        "start": {
          "line": 64,
          "column": 8
        },
        "end": {
          "line": 64,
          "column": 15
        }
      },
      "31": {
        "start": {
          "line": 65,
          "column": 32
        },
        "end": {
          "line": 65,
          "column": 115
        }
      },
      "32": {
        "start": {
          "line": 66,
          "column": 6
        },
        "end": {
          "line": 67,
          "column": 54
        }
      },
      "33": {
        "start": {
          "line": 67,
          "column": 8
        },
        "end": {
          "line": 67,
          "column": 54
        }
      }
    },
    "fnMap": {
      "0": {
        "name": "(anonymous_0)",
        "decl": {
          "start": {
            "line": 11,
            "column": 24
          },
          "end": {
            "line": 11,
            "column": 25
          }
        },
        "loc": {
          "start": {
            "line": 11,
            "column": 38
          },
          "end": {
            "line": 13,
            "column": 3
          }
        },
        "line": 11
      },
      "1": {
        "name": "(anonymous_1)",
        "decl": {
          "start": {
            "line": 21,
            "column": 15
          },
          "end": {
            "line": 21,
            "column": 16
          }
        },
        "loc": {
          "start": {
            "line": 21,
            "column": 21
          },
          "end": {
            "line": 46,
            "column": 1
          }
        },
        "line": 21
      },
      "2": {
        "name": "(anonymous_2)",
        "decl": {
          "start": {
            "line": 24,
            "column": 29
          },
          "end": {
            "line": 24,
            "column": 30
          }
        },
        "loc": {
          "start": {
            "line": 24,
            "column": 40
          },
          "end": {
            "line": 24,
            "column": 52
          }
        },
        "line": 24
      },
      "3": {
        "name": "(anonymous_3)",
        "decl": {
          "start": {
            "line": 26,
            "column": 23
          },
          "end": {
            "line": 26,
            "column": 24
          }
        },
        "loc": {
          "start": {
            "line": 26,
            "column": 30
          },
          "end": {
            "line": 29,
            "column": 3
          }
        },
        "line": 26
      },
      "4": {
        "name": "(anonymous_4)",
        "decl": {
          "start": {
            "line": 47,
            "column": 50
          },
          "end": {
            "line": 47,
            "column": 51
          }
        },
        "loc": {
          "start": {
            "line": 47,
            "column": 61
          },
          "end": {
            "line": 49,
            "column": 1
          }
        },
        "line": 47
      },
      "5": {
        "name": "(anonymous_5)",
        "decl": {
          "start": {
            "line": 60,
            "column": 9
          },
          "end": {
            "line": 60,
            "column": 10
          }
        },
        "loc": {
          "start": {
            "line": 60,
            "column": 29
          },
          "end": {
            "line": 69,
            "column": 3
          }
        },
        "line": 60
      },
      "6": {
        "name": "(anonymous_6)",
        "decl": {
          "start": {
            "line": 62,
            "column": 27
          },
          "end": {
            "line": 62,
            "column": 28
          }
        },
        "loc": {
          "start": {
            "line": 62,
            "column": 44
          },
          "end": {
            "line": 68,
            "column": 5
          }
        },
        "line": 62
      }
    },
    "branchMap": {
      "0": {
        "loc": {
          "start": {
            "line": 5,
            "column": 0
          },
          "end": {
            "line": 15,
            "column": 1
          }
        },
        "type": "if",
        "locations": [
          {
            "start": {
              "line": 5,
              "column": 0
            },
            "end": {
              "line": 15,
              "column": 1
            }
          },
          {
            "start": {},
            "end": {}
          }
        ],
        "line": 5
      },
      "1": {
        "loc": {
          "start": {
            "line": 6,
            "column": 2
          },
          "end": {
            "line": 8,
            "column": 3
          }
        },
        "type": "if",
        "locations": [
          {
            "start": {
              "line": 6,
              "column": 2
            },
            "end": {
              "line": 8,
              "column": 3
            }
          },
          {
            "start": {},
            "end": {}
          }
        ],
        "line": 6
      },
      "2": {
        "loc": {
          "start": {
            "line": 54,
            "column": 0
          },
          "end": {
            "line": 70,
            "column": 1
          }
        },
        "type": "if",
        "locations": [
          {
            "start": {
              "line": 54,
              "column": 0
            },
            "end": {
              "line": 70,
              "column": 1
            }
          },
          {
            "start": {},
            "end": {}
          }
        ],
        "line": 54
      },
      "3": {
        "loc": {
          "start": {
            "line": 63,
            "column": 6
          },
          "end": {
            "line": 64,
            "column": 15
          }
        },
        "type": "if",
        "locations": [
          {
            "start": {
              "line": 63,
              "column": 6
            },
            "end": {
              "line": 64,
              "column": 15
            }
          },
          {
            "start": {},
            "end": {}
          }
        ],
        "line": 63
      },
      "4": {
        "loc": {
          "start": {
            "line": 66,
            "column": 6
          },
          "end": {
            "line": 67,
            "column": 54
          }
        },
        "type": "if",
        "locations": [
          {
            "start": {
              "line": 66,
              "column": 6
            },
            "end": {
              "line": 67,
              "column": 54
            }
          },
          {
            "start": {},
            "end": {}
          }
        ],
        "line": 66
      }
    },
    "s": {
      "0": 1,
      "1": 1,
      "2": 0,
      "3": 1,
      "4": 1,
      "5": 1,
      "6": 1,
      "7": 1,
      "8": 1,
      "9": 1,
      "10": 3,
      "11": 3,
      "12": 3,
      "13": 12,
      "14": 3,
      "15": 3,
      "16": 1,
      "17": 1,
      "18": 3,
      "19": 1,
      "20": 1,
      "21": 1,
      "22": 1,
      "23": 1,
      "24": 1,
      "25": 1,
      "26": 1,
      "27": 1,
      "28": 1,
      "29": 0,
      "30": 0,
      "31": 0,
      "32": 0,
      "33": 0
    },
    "f": {
      "0": 1,
      "1": 3,
      "2": 12,
      "3": 1,
      "4": 1,
      "5": 1,
      "6": 0
    },
    "b": {
      "0": [
        1,
        0
      ],
      "1": [
        0,
        1
      ],
      "2": [
        1,
        0
      ],
      "3": [
        0,
        0
      ],
      "4": [
        0,
        0
      ]
    },
    "inputSourceMap": {
      "version": 3,
      "mappings": "AAoBM;;;;;;;;;;;;;;;;AApBN,SAAgBA,cAAc;AAC9B,SAASC,aAAaC,mBAAmB;AACzC,SAASC,eAAe;AACxB,OAAO;AAIP,MAAMC,SAASA,MAAM;AAAAC;AACnB,QAAMC,WAAWJ,YAAW;AAC5B,QAAMK,SAASN,YAAY,CAACO,UAAiBA,MAAMD,MAAM;AAEzD,QAAME,cAAcT,OAAyB,IAAI;AAEjD,QAAMU,eAAeA,CAACC,MAAwC;AAC5DA,MAAEC,eAAc;AAChBN,aAASH,QAAQU,MAAMJ,YAAYK,SAASC,KAAK,CAAC;AAAA,EACpD;AAEA,SACE,uBAAC,UAAK,MAAK,UAAS,WAAU,gBAAe,UAAUL,cACrD;AAAA,2BAAC,WACC,MAAK,UACL,WAAU,eACV,aAAY,aACZ,cAAcH,OAAOQ,OACrB,KAAKN,eALP;AAAA;AAAA;AAAA;AAAA,WAKmB;AAAA,IAEnB,uBAAC,WAAM,MAAK,UAAS,WAAU,gBAAe,OAAM,YAApD;AAAA;AAAA;AAAA;AAAA,WAA4D;AAAA,OAR9D;AAAA;AAAA;AAAA;AAAA,SASA;AAEJ;AAAEJ,GAvBID,QAAM;AAAA,UACOF,aACFD,WAAW;AAAA;AAAAe,KAFtBZ;AAyBN,eAAeA;AAAO;AAAAa",
      "names": [
        "useRef",
        "useSelector",
        "useDispatch",
        "actions",
        "Search",
        "_s",
        "dispatch",
        "search",
        "state",
        "inputSearch",
        "handleSearch",
        "e",
        "preventDefault",
        "write",
        "current",
        "value",
        "_c",
        "$RefreshReg$"
      ],
      "sources": [
        "E:/Courses/RS-SCHOOLL/STAGE 3/react-rss/react/src/components/Search/Search.tsx"
      ],
      "file": "E:/Courses/RS-SCHOOLL/STAGE 3/react-rss/react/src/components/Search/Search.tsx"
    },
    "_coverageSchema": "1a1c01bbd47fc00a2c39e90264f33305004495a9",
    "hash": "bcdb5083d06e56c45b9e451047a70e82f748d115"
  },
  "E:/Courses/RS-SCHOOLL/STAGE 3/react-rss/react/src/components/Card/CardApi.tsx": {
    "path": "E:/Courses/RS-SCHOOLL/STAGE 3/react-rss/react/src/components/Card/CardApi.tsx",
    "statementMap": {
      "0": {
        "start": {
          "line": 5,
          "column": 0
        },
        "end": {
          "line": 15,
          "column": 1
        }
      },
      "1": {
        "start": {
          "line": 6,
          "column": 2
        },
        "end": {
          "line": 8,
          "column": 3
        }
      },
      "2": {
        "start": {
          "line": 7,
          "column": 4
        },
        "end": {
          "line": 7,
          "column": 165
        }
      },
      "3": {
        "start": {
          "line": 9,
          "column": 2
        },
        "end": {
          "line": 9,
          "column": 39
        }
      },
      "4": {
        "start": {
          "line": 10,
          "column": 2
        },
        "end": {
          "line": 10,
          "column": 39
        }
      },
      "5": {
        "start": {
          "line": 11,
          "column": 2
        },
        "end": {
          "line": 13,
          "column": 4
        }
      },
      "6": {
        "start": {
          "line": 12,
          "column": 4
        },
        "end": {
          "line": 12,
          "column": 121
        }
      },
      "7": {
        "start": {
          "line": 14,
          "column": 2
        },
        "end": {
          "line": 14,
          "column": 75
        }
      },
      "8": {
        "start": {
          "line": 17,
          "column": 16
        },
        "end": {
          "line": 60,
          "column": 1
        }
      },
      "9": {
        "start": {
          "line": 18,
          "column": 2
        },
        "end": {
          "line": 59,
          "column": 11
        }
      },
      "10": {
        "start": {
          "line": 44,
          "column": 8
        },
        "end": {
          "line": 44,
          "column": 39
        }
      },
      "11": {
        "start": {
          "line": 61,
          "column": 0
        },
        "end": {
          "line": 61,
          "column": 13
        }
      },
      "12": {
        "start": {
          "line": 64,
          "column": 0
        },
        "end": {
          "line": 64,
          "column": 28
        }
      },
      "13": {
        "start": {
          "line": 65,
          "column": 0
        },
        "end": {
          "line": 81,
          "column": 1
        }
      },
      "14": {
        "start": {
          "line": 66,
          "column": 2
        },
        "end": {
          "line": 66,
          "column": 39
        }
      },
      "15": {
        "start": {
          "line": 67,
          "column": 2
        },
        "end": {
          "line": 67,
          "column": 39
        }
      },
      "16": {
        "start": {
          "line": 68,
          "column": 2
        },
        "end": {
          "line": 80,
          "column": 5
        }
      },
      "17": {
        "start": {
          "line": 72,
          "column": 4
        },
        "end": {
          "line": 72,
          "column": 147
        }
      },
      "18": {
        "start": {
          "line": 73,
          "column": 4
        },
        "end": {
          "line": 79,
          "column": 7
        }
      },
      "19": {
        "start": {
          "line": 74,
          "column": 6
        },
        "end": {
          "line": 75,
          "column": 15
        }
      },
      "20": {
        "start": {
          "line": 75,
          "column": 8
        },
        "end": {
          "line": 75,
          "column": 15
        }
      },
      "21": {
        "start": {
          "line": 76,
          "column": 32
        },
        "end": {
          "line": 76,
          "column": 115
        }
      },
      "22": {
        "start": {
          "line": 77,
          "column": 6
        },
        "end": {
          "line": 78,
          "column": 54
        }
      },
      "23": {
        "start": {
          "line": 78,
          "column": 8
        },
        "end": {
          "line": 78,
          "column": 54
        }
      }
    },
    "fnMap": {
      "0": {
        "name": "(anonymous_0)",
        "decl": {
          "start": {
            "line": 11,
            "column": 24
          },
          "end": {
            "line": 11,
            "column": 25
          }
        },
        "loc": {
          "start": {
            "line": 11,
            "column": 38
          },
          "end": {
            "line": 13,
            "column": 3
          }
        },
        "line": 11
      },
      "1": {
        "name": "(anonymous_1)",
        "decl": {
          "start": {
            "line": 17,
            "column": 16
          },
          "end": {
            "line": 17,
            "column": 17
          }
        },
        "loc": {
          "start": {
            "line": 17,
            "column": 27
          },
          "end": {
            "line": 60,
            "column": 1
          }
        },
        "line": 17
      },
      "2": {
        "name": "(anonymous_2)",
        "decl": {
          "start": {
            "line": 43,
            "column": 102
          },
          "end": {
            "line": 43,
            "column": 103
          }
        },
        "loc": {
          "start": {
            "line": 43,
            "column": 108
          },
          "end": {
            "line": 45,
            "column": 7
          }
        },
        "line": 43
      },
      "3": {
        "name": "(anonymous_3)",
        "decl": {
          "start": {
            "line": 71,
            "column": 9
          },
          "end": {
            "line": 71,
            "column": 10
          }
        },
        "loc": {
          "start": {
            "line": 71,
            "column": 29
          },
          "end": {
            "line": 80,
            "column": 3
          }
        },
        "line": 71
      },
      "4": {
        "name": "(anonymous_4)",
        "decl": {
          "start": {
            "line": 73,
            "column": 27
          },
          "end": {
            "line": 73,
            "column": 28
          }
        },
        "loc": {
          "start": {
            "line": 73,
            "column": 44
          },
          "end": {
            "line": 79,
            "column": 5
          }
        },
        "line": 73
      }
    },
    "branchMap": {
      "0": {
        "loc": {
          "start": {
            "line": 5,
            "column": 0
          },
          "end": {
            "line": 15,
            "column": 1
          }
        },
        "type": "if",
        "locations": [
          {
            "start": {
              "line": 5,
              "column": 0
            },
            "end": {
              "line": 15,
              "column": 1
            }
          },
          {
            "start": {},
            "end": {}
          }
        ],
        "line": 5
      },
      "1": {
        "loc": {
          "start": {
            "line": 6,
            "column": 2
          },
          "end": {
            "line": 8,
            "column": 3
          }
        },
        "type": "if",
        "locations": [
          {
            "start": {
              "line": 6,
              "column": 2
            },
            "end": {
              "line": 8,
              "column": 3
            }
          },
          {
            "start": {},
            "end": {}
          }
        ],
        "line": 6
      },
      "2": {
        "loc": {
          "start": {
            "line": 19,
            "column": 4
          },
          "end": {
            "line": 23,
            "column": 12
          }
        },
        "type": "binary-expr",
        "locations": [
          {
            "start": {
              "line": 19,
              "column": 4
            },
            "end": {
              "line": 19,
              "column": 21
            }
          },
          {
            "start": {
              "line": 19,
              "column": 41
            },
            "end": {
              "line": 23,
              "column": 12
            }
          }
        ],
        "line": 19
      },
      "3": {
        "loc": {
          "start": {
            "line": 65,
            "column": 0
          },
          "end": {
            "line": 81,
            "column": 1
          }
        },
        "type": "if",
        "locations": [
          {
            "start": {
              "line": 65,
              "column": 0
            },
            "end": {
              "line": 81,
              "column": 1
            }
          },
          {
            "start": {},
            "end": {}
          }
        ],
        "line": 65
      },
      "4": {
        "loc": {
          "start": {
            "line": 74,
            "column": 6
          },
          "end": {
            "line": 75,
            "column": 15
          }
        },
        "type": "if",
        "locations": [
          {
            "start": {
              "line": 74,
              "column": 6
            },
            "end": {
              "line": 75,
              "column": 15
            }
          },
          {
            "start": {},
            "end": {}
          }
        ],
        "line": 74
      },
      "5": {
        "loc": {
          "start": {
            "line": 77,
            "column": 6
          },
          "end": {
            "line": 78,
            "column": 54
          }
        },
        "type": "if",
        "locations": [
          {
            "start": {
              "line": 77,
              "column": 6
            },
            "end": {
              "line": 78,
              "column": 54
            }
          },
          {
            "start": {},
            "end": {}
          }
        ],
        "line": 77
      }
    },
    "s": {
      "0": 1,
      "1": 1,
      "2": 0,
      "3": 1,
      "4": 1,
      "5": 1,
      "6": 1,
      "7": 1,
      "8": 1,
      "9": 20,
      "10": 0,
      "11": 1,
      "12": 1,
      "13": 1,
      "14": 1,
      "15": 1,
      "16": 1,
      "17": 1,
      "18": 1,
      "19": 0,
      "20": 0,
      "21": 0,
      "22": 0,
      "23": 0
    },
    "f": {
      "0": 1,
      "1": 20,
      "2": 0,
      "3": 1,
      "4": 0
    },
    "b": {
      "0": [
        1,
        0
      ],
      "1": [
        0,
        1
      ],
      "2": [
        20,
        17
      ],
      "3": [
        1,
        0
      ],
      "4": [
        0,
        0
      ],
      "5": [
        0,
        0
      ]
    },
    "inputSourceMap": {
      "version": 3,
      "mappings": "AAQQ;AARR,OAAOA,oBAAkB;AAAA;AAAA;AAAA;AAAA;AAAA;AAAA;AAAA;AAAA;AAAA;AAAA;AAAA;AAAA;AAAA;AAEzB,OAAO;AAEP,MAAMC,UAAUA,CAACC,UAAuB;AACtC,SACE,uBAAC,SAAI,WAAU,QAAO,MAAK,oBACxBA;AAAAA,UAAMC,eACL,uBAAC,SACC,WAAU,aACV,KAAM,mCAAkCD,MAAMC,eAC9C,eAAY,SACZ,KAAI,YAJN;AAAA;AAAA;AAAA;AAAA,WAKC;AAAA,IAEH,uBAAC,SAAI,WAAU,cACb;AAAA,6BAAC,SAAI,WAAU,eAAc,OAAO;AAAA,QAAEC,YAAY;AAAA,MAAM,GAAG,eAAY,SAAO;AAAA;AAAA,QACpEF,MAAMG;AAAAA,WADhB;AAAA;AAAA;AAAA;AAAA,aAEA;AAAA,MACA,uBAAC,SAAI,WAAU,cAAa,eAAY,QAAM;AAAA;AAAA,QAC7BH,MAAMI;AAAAA,WADvB;AAAA;AAAA;AAAA;AAAA,aAEA;AAAA,MACA,uBAAC,YACC,WAAU,gBACV,eAAY,UACZ,SAAS,MAAM;AACbJ,cAAMK,eAAeL,MAAMM,EAAE;AAAA,MAC/B,GAAE,yBALJ;AAAA;AAAA;AAAA;AAAA,aAQA;AAAA,SAfF;AAAA;AAAA;AAAA;AAAA,WAgBA;AAAA,OAzBF;AAAA;AAAA;AAAA;AAAA,SA0BA;AAEJ;AAAEC,KA9BIR;AAgCN,eAAeA;AAAQ;AAAAS",
      "names": [
        "React",
        "CardApi",
        "props",
        "poster_path",
        "fontWeight",
        "title",
        "release_date",
        "getModalCardId",
        "id",
        "_c",
        "$RefreshReg$"
      ],
      "sources": [
        "E:/Courses/RS-SCHOOLL/STAGE 3/react-rss/react/src/components/Card/CardApi.tsx"
      ],
      "file": "E:/Courses/RS-SCHOOLL/STAGE 3/react-rss/react/src/components/Card/CardApi.tsx"
    },
    "_coverageSchema": "1a1c01bbd47fc00a2c39e90264f33305004495a9",
    "hash": "18cf26443ee9519d46ade317b0dbba3404c13932"
  },
  "E:/Courses/RS-SCHOOLL/STAGE 3/react-rss/react/src/components/Preload/Preload.tsx": {
    "path": "E:/Courses/RS-SCHOOLL/STAGE 3/react-rss/react/src/components/Preload/Preload.tsx",
    "statementMap": {
      "0": {
        "start": {
          "line": 5,
          "column": 0
        },
        "end": {
          "line": 15,
          "column": 1
        }
      },
      "1": {
        "start": {
          "line": 6,
          "column": 2
        },
        "end": {
          "line": 8,
          "column": 3
        }
      },
      "2": {
        "start": {
          "line": 7,
          "column": 4
        },
        "end": {
          "line": 7,
          "column": 165
        }
      },
      "3": {
        "start": {
          "line": 9,
          "column": 2
        },
        "end": {
          "line": 9,
          "column": 39
        }
      },
      "4": {
        "start": {
          "line": 10,
          "column": 2
        },
        "end": {
          "line": 10,
          "column": 39
        }
      },
      "5": {
        "start": {
          "line": 11,
          "column": 2
        },
        "end": {
          "line": 13,
          "column": 4
        }
      },
      "6": {
        "start": {
          "line": 12,
          "column": 4
        },
        "end": {
          "line": 12,
          "column": 124
        }
      },
      "7": {
        "start": {
          "line": 14,
          "column": 2
        },
        "end": {
          "line": 14,
          "column": 75
        }
      },
      "8": {
        "start": {
          "line": 16,
          "column": 9
        },
        "end": {
          "line": 16,
          "column": 23
        }
      },
      "9": {
        "start": {
          "line": 19,
          "column": 16
        },
        "end": {
          "line": 43,
          "column": 1
        }
      },
      "10": {
        "start": {
          "line": 20,
          "column": 2
        },
        "end": {
          "line": 20,
          "column": 7
        }
      },
      "11": {
        "start": {
          "line": 24,
          "column": 6
        },
        "end": {
          "line": 24,
          "column": 36
        }
      },
      "12": {
        "start": {
          "line": 25,
          "column": 16
        },
        "end": {
          "line": 37,
          "column": 17
        }
      },
      "13": {
        "start": {
          "line": 38,
          "column": 2
        },
        "end": {
          "line": 42,
          "column": 11
        }
      },
      "14": {
        "start": {
          "line": 44,
          "column": 0
        },
        "end": {
          "line": 46,
          "column": 3
        }
      },
      "15": {
        "start": {
          "line": 45,
          "column": 2
        },
        "end": {
          "line": 45,
          "column": 29
        }
      },
      "16": {
        "start": {
          "line": 47,
          "column": 0
        },
        "end": {
          "line": 47,
          "column": 13
        }
      },
      "17": {
        "start": {
          "line": 50,
          "column": 0
        },
        "end": {
          "line": 50,
          "column": 28
        }
      },
      "18": {
        "start": {
          "line": 51,
          "column": 0
        },
        "end": {
          "line": 67,
          "column": 1
        }
      },
      "19": {
        "start": {
          "line": 52,
          "column": 2
        },
        "end": {
          "line": 52,
          "column": 39
        }
      },
      "20": {
        "start": {
          "line": 53,
          "column": 2
        },
        "end": {
          "line": 53,
          "column": 39
        }
      },
      "21": {
        "start": {
          "line": 54,
          "column": 2
        },
        "end": {
          "line": 66,
          "column": 5
        }
      },
      "22": {
        "start": {
          "line": 58,
          "column": 4
        },
        "end": {
          "line": 58,
          "column": 150
        }
      },
      "23": {
        "start": {
          "line": 59,
          "column": 4
        },
        "end": {
          "line": 65,
          "column": 7
        }
      },
      "24": {
        "start": {
          "line": 60,
          "column": 6
        },
        "end": {
          "line": 61,
          "column": 15
        }
      },
      "25": {
        "start": {
          "line": 61,
          "column": 8
        },
        "end": {
          "line": 61,
          "column": 15
        }
      },
      "26": {
        "start": {
          "line": 62,
          "column": 32
        },
        "end": {
          "line": 62,
          "column": 115
        }
      },
      "27": {
        "start": {
          "line": 63,
          "column": 6
        },
        "end": {
          "line": 64,
          "column": 54
        }
      },
      "28": {
        "start": {
          "line": 64,
          "column": 8
        },
        "end": {
          "line": 64,
          "column": 54
        }
      }
    },
    "fnMap": {
      "0": {
        "name": "(anonymous_0)",
        "decl": {
          "start": {
            "line": 11,
            "column": 24
          },
          "end": {
            "line": 11,
            "column": 25
          }
        },
        "loc": {
          "start": {
            "line": 11,
            "column": 38
          },
          "end": {
            "line": 13,
            "column": 3
          }
        },
        "line": 11
      },
      "1": {
        "name": "(anonymous_1)",
        "decl": {
          "start": {
            "line": 19,
            "column": 16
          },
          "end": {
            "line": 19,
            "column": 17
          }
        },
        "loc": {
          "start": {
            "line": 19,
            "column": 27
          },
          "end": {
            "line": 43,
            "column": 1
          }
        },
        "line": 19
      },
      "2": {
        "name": "(anonymous_2)",
        "decl": {
          "start": {
            "line": 44,
            "column": 51
          },
          "end": {
            "line": 44,
            "column": 52
          }
        },
        "loc": {
          "start": {
            "line": 44,
            "column": 62
          },
          "end": {
            "line": 46,
            "column": 1
          }
        },
        "line": 44
      },
      "3": {
        "name": "(anonymous_3)",
        "decl": {
          "start": {
            "line": 57,
            "column": 9
          },
          "end": {
            "line": 57,
            "column": 10
          }
        },
        "loc": {
          "start": {
            "line": 57,
            "column": 29
          },
          "end": {
            "line": 66,
            "column": 3
          }
        },
        "line": 57
      },
      "4": {
        "name": "(anonymous_4)",
        "decl": {
          "start": {
            "line": 59,
            "column": 27
          },
          "end": {
            "line": 59,
            "column": 28
          }
        },
        "loc": {
          "start": {
            "line": 59,
            "column": 44
          },
          "end": {
            "line": 65,
            "column": 5
          }
        },
        "line": 59
      }
    },
    "branchMap": {
      "0": {
        "loc": {
          "start": {
            "line": 5,
            "column": 0
          },
          "end": {
            "line": 15,
            "column": 1
          }
        },
        "type": "if",
        "locations": [
          {
            "start": {
              "line": 5,
              "column": 0
            },
            "end": {
              "line": 15,
              "column": 1
            }
          },
          {
            "start": {},
            "end": {}
          }
        ],
        "line": 5
      },
      "1": {
        "loc": {
          "start": {
            "line": 6,
            "column": 2
          },
          "end": {
            "line": 8,
            "column": 3
          }
        },
        "type": "if",
        "locations": [
          {
            "start": {
              "line": 6,
              "column": 2
            },
            "end": {
              "line": 8,
              "column": 3
            }
          },
          {
            "start": {},
            "end": {}
          }
        ],
        "line": 6
      },
      "2": {
        "loc": {
          "start": {
            "line": 25,
            "column": 16
          },
          "end": {
            "line": 37,
            "column": 17
          }
        },
        "type": "cond-expr",
        "locations": [
          {
            "start": {
              "line": 25,
              "column": 44
            },
            "end": {
              "line": 29,
              "column": 10
            }
          },
          {
            "start": {
              "line": 29,
              "column": 13
            },
            "end": {
              "line": 37,
              "column": 17
            }
          }
        ],
        "line": 25
      },
      "3": {
        "loc": {
          "start": {
            "line": 29,
            "column": 13
          },
          "end": {
            "line": 37,
            "column": 17
          }
        },
        "type": "cond-expr",
        "locations": [
          {
            "start": {
              "line": 29,
              "column": 82
            },
            "end": {
              "line": 33,
              "column": 10
            }
          },
          {
            "start": {
              "line": 33,
              "column": 13
            },
            "end": {
              "line": 37,
              "column": 17
            }
          }
        ],
        "line": 29
      },
      "4": {
        "loc": {
          "start": {
            "line": 29,
            "column": 13
          },
          "end": {
            "line": 29,
            "column": 63
          }
        },
        "type": "binary-expr",
        "locations": [
          {
            "start": {
              "line": 29,
              "column": 13
            },
            "end": {
              "line": 29,
              "column": 37
            }
          },
          {
            "start": {
              "line": 29,
              "column": 41
            },
            "end": {
              "line": 29,
              "column": 63
            }
          }
        ],
        "line": 29
      },
      "5": {
        "loc": {
          "start": {
            "line": 33,
            "column": 13
          },
          "end": {
            "line": 37,
            "column": 17
          }
        },
        "type": "cond-expr",
        "locations": [
          {
            "start": {
              "line": 33,
              "column": 86
            },
            "end": {
              "line": 37,
              "column": 10
            }
          },
          {
            "start": {
              "line": 37,
              "column": 13
            },
            "end": {
              "line": 37,
              "column": 17
            }
          }
        ],
        "line": 33
      },
      "6": {
        "loc": {
          "start": {
            "line": 33,
            "column": 13
          },
          "end": {
            "line": 33,
            "column": 67
          }
        },
        "type": "binary-expr",
        "locations": [
          {
            "start": {
              "line": 33,
              "column": 13
            },
            "end": {
              "line": 33,
              "column": 39
            }
          },
          {
            "start": {
              "line": 33,
              "column": 43
            },
            "end": {
              "line": 33,
              "column": 67
            }
          }
        ],
        "line": 33
      },
      "7": {
        "loc": {
          "start": {
            "line": 51,
            "column": 0
          },
          "end": {
            "line": 67,
            "column": 1
          }
        },
        "type": "if",
        "locations": [
          {
            "start": {
              "line": 51,
              "column": 0
            },
            "end": {
              "line": 67,
              "column": 1
            }
          },
          {
            "start": {},
            "end": {}
          }
        ],
        "line": 51
      },
      "8": {
        "loc": {
          "start": {
            "line": 60,
            "column": 6
          },
          "end": {
            "line": 61,
            "column": 15
          }
        },
        "type": "if",
        "locations": [
          {
            "start": {
              "line": 60,
              "column": 6
            },
            "end": {
              "line": 61,
              "column": 15
            }
          },
          {
            "start": {},
            "end": {}
          }
        ],
        "line": 60
      },
      "9": {
        "loc": {
          "start": {
            "line": 63,
            "column": 6
          },
          "end": {
            "line": 64,
            "column": 54
          }
        },
        "type": "if",
        "locations": [
          {
            "start": {
              "line": 63,
              "column": 6
            },
            "end": {
              "line": 64,
              "column": 54
            }
          },
          {
            "start": {},
            "end": {}
          }
        ],
        "line": 63
      }
    },
    "s": {
      "0": 1,
      "1": 1,
      "2": 0,
      "3": 1,
      "4": 1,
      "5": 1,
      "6": 1,
      "7": 1,
      "8": 1,
      "9": 1,
      "10": 6,
      "11": 6,
      "12": 6,
      "13": 6,
      "14": 1,
      "15": 1,
      "16": 1,
      "17": 1,
      "18": 1,
      "19": 1,
      "20": 1,
      "21": 1,
      "22": 1,
      "23": 1,
      "24": 0,
      "25": 0,
      "26": 0,
      "27": 0,
      "28": 0
    },
    "f": {
      "0": 1,
      "1": 6,
      "2": 1,
      "3": 1,
      "4": 0
    },
    "b": {
      "0": [
        1,
        0
      ],
      "1": [
        0,
        1
      ],
      "2": [
        5,
        1
      ],
      "3": [
        1,
        0
      ],
      "4": [
        1,
        0
      ],
      "5": [
        0,
        0
      ],
      "6": [
        0,
        0
      ],
      "7": [
        1,
        0
      ],
      "8": [
        0,
        0
      ],
      "9": [
        0,
        0
      ]
    },
    "inputSourceMap": {
      "version": 3,
      "mappings": "AAOI;;;;;;;;;;;;;;;;AANJ,OAAOA,eAAe;AACtB,SAASC,yBAAyB;AAElC,MAAMC,UAAUA,CAACC,UAA6B;AAAAC;AAC5C,QAAM;AAAA,IAAEC;AAAAA,IAAWC;AAAAA,EAAK,IAAIL,kBAAkBE,MAAMI,KAAK;AACzD,QAAMC,QAAQH,YACZ,uBAAC,SAAI,WAAU,mBAAkB,KAAKL,WAAW,KAAI,eAArD;AAAA;AAAA;AAAA;AAAA,SAAgE,IAC9DM,KAAKG,SAASC,SAAS,KAAKJ,KAAKK,OAAOD,SAAS,IACnD,uBAAC,QAAG,WAAU,oBAAmB,4BAAjC;AAAA;AAAA;AAAA;AAAA,SAA6C,IAC3CJ,KAAKG,SAASC,WAAW,KAAKJ,KAAKK,OAAOD,WAAW,IACvD,uBAAC,QAAG,WAAU,oBAAmB,mCAAjC;AAAA;AAAA;AAAA;AAAA,SAAoD,IAClD;AACJ,SAAO,uBAAC,SAAKF,mBAAN;AAAA;AAAA;AAAA;AAAA,SAAY;AACrB;AAAEJ,GAVIF,SAAO;AAAA,UACiBD,iBAAiB;AAAA;AAAAW,KADzCV;AAYN,eAAeA;AAAQ;AAAAW",
      "names": [
        "preloader",
        "useGetMoviesQuery",
        "Preload",
        "props",
        "_s",
        "isLoading",
        "data",
        "value",
        "title",
        "results",
        "length",
        "items",
        "_c",
        "$RefreshReg$"
      ],
      "sources": [
        "E:/Courses/RS-SCHOOLL/STAGE 3/react-rss/react/src/components/Preload/Preload.tsx"
      ],
      "file": "E:/Courses/RS-SCHOOLL/STAGE 3/react-rss/react/src/components/Preload/Preload.tsx"
    },
    "_coverageSchema": "1a1c01bbd47fc00a2c39e90264f33305004495a9",
    "hash": "a14773d211bf7b5dbdc7a74e59c7049b7dc35d0c"
  },
  "E:/Courses/RS-SCHOOLL/STAGE 3/react-rss/react/src/components/CardList/CardList.tsx": {
    "path": "E:/Courses/RS-SCHOOLL/STAGE 3/react-rss/react/src/components/CardList/CardList.tsx",
    "statementMap": {
      "0": {
        "start": {
          "line": 5,
          "column": 0
        },
        "end": {
          "line": 15,
          "column": 1
        }
      },
      "1": {
        "start": {
          "line": 6,
          "column": 2
        },
        "end": {
          "line": 8,
          "column": 3
        }
      },
      "2": {
        "start": {
          "line": 7,
          "column": 4
        },
        "end": {
          "line": 7,
          "column": 165
        }
      },
      "3": {
        "start": {
          "line": 9,
          "column": 2
        },
        "end": {
          "line": 9,
          "column": 39
        }
      },
      "4": {
        "start": {
          "line": 10,
          "column": 2
        },
        "end": {
          "line": 10,
          "column": 39
        }
      },
      "5": {
        "start": {
          "line": 11,
          "column": 2
        },
        "end": {
          "line": 13,
          "column": 4
        }
      },
      "6": {
        "start": {
          "line": 12,
          "column": 4
        },
        "end": {
          "line": 12,
          "column": 126
        }
      },
      "7": {
        "start": {
          "line": 14,
          "column": 2
        },
        "end": {
          "line": 14,
          "column": 75
        }
      },
      "8": {
        "start": {
          "line": 16,
          "column": 9
        },
        "end": {
          "line": 16,
          "column": 23
        }
      },
      "9": {
        "start": {
          "line": 21,
          "column": 16
        },
        "end": {
          "line": 21,
          "column": 58
        }
      },
      "10": {
        "start": {
          "line": 22,
          "column": 17
        },
        "end": {
          "line": 58,
          "column": 1
        }
      },
      "11": {
        "start": {
          "line": 25,
          "column": 2
        },
        "end": {
          "line": 25,
          "column": 7
        }
      },
      "12": {
        "start": {
          "line": 28,
          "column": 6
        },
        "end": {
          "line": 28,
          "column": 42
        }
      },
      "13": {
        "start": {
          "line": 28,
          "column": 29
        },
        "end": {
          "line": 28,
          "column": 41
        }
      },
      "14": {
        "start": {
          "line": 32,
          "column": 6
        },
        "end": {
          "line": 32,
          "column": 95
        }
      },
      "15": {
        "start": {
          "line": 34,
          "column": 2
        },
        "end": {
          "line": 35,
          "column": 51
        }
      },
      "16": {
        "start": {
          "line": 35,
          "column": 4
        },
        "end": {
          "line": 35,
          "column": 51
        }
      },
      "17": {
        "start": {
          "line": 36,
          "column": 2
        },
        "end": {
          "line": 57,
          "column": 11
        }
      },
      "18": {
        "start": {
          "line": 43,
          "column": 6
        },
        "end": {
          "line": 47,
          "column": 15
        }
      },
      "19": {
        "start": {
          "line": 59,
          "column": 0
        },
        "end": {
          "line": 61,
          "column": 3
        }
      },
      "20": {
        "start": {
          "line": 60,
          "column": 2
        },
        "end": {
          "line": 60,
          "column": 42
        }
      },
      "21": {
        "start": {
          "line": 62,
          "column": 0
        },
        "end": {
          "line": 62,
          "column": 14
        }
      },
      "22": {
        "start": {
          "line": 65,
          "column": 0
        },
        "end": {
          "line": 65,
          "column": 29
        }
      },
      "23": {
        "start": {
          "line": 66,
          "column": 0
        },
        "end": {
          "line": 82,
          "column": 1
        }
      },
      "24": {
        "start": {
          "line": 67,
          "column": 2
        },
        "end": {
          "line": 67,
          "column": 39
        }
      },
      "25": {
        "start": {
          "line": 68,
          "column": 2
        },
        "end": {
          "line": 68,
          "column": 39
        }
      },
      "26": {
        "start": {
          "line": 69,
          "column": 2
        },
        "end": {
          "line": 81,
          "column": 5
        }
      },
      "27": {
        "start": {
          "line": 73,
          "column": 4
        },
        "end": {
          "line": 73,
          "column": 152
        }
      },
      "28": {
        "start": {
          "line": 74,
          "column": 4
        },
        "end": {
          "line": 80,
          "column": 7
        }
      },
      "29": {
        "start": {
          "line": 75,
          "column": 6
        },
        "end": {
          "line": 76,
          "column": 15
        }
      },
      "30": {
        "start": {
          "line": 76,
          "column": 8
        },
        "end": {
          "line": 76,
          "column": 15
        }
      },
      "31": {
        "start": {
          "line": 77,
          "column": 32
        },
        "end": {
          "line": 77,
          "column": 115
        }
      },
      "32": {
        "start": {
          "line": 78,
          "column": 6
        },
        "end": {
          "line": 79,
          "column": 54
        }
      },
      "33": {
        "start": {
          "line": 79,
          "column": 8
        },
        "end": {
          "line": 79,
          "column": 54
        }
      }
    },
    "fnMap": {
      "0": {
        "name": "(anonymous_0)",
        "decl": {
          "start": {
            "line": 11,
            "column": 24
          },
          "end": {
            "line": 11,
            "column": 25
          }
        },
        "loc": {
          "start": {
            "line": 11,
            "column": 38
          },
          "end": {
            "line": 13,
            "column": 3
          }
        },
        "line": 11
      },
      "1": {
        "name": "(anonymous_1)",
        "decl": {
          "start": {
            "line": 22,
            "column": 17
          },
          "end": {
            "line": 22,
            "column": 18
          }
        },
        "loc": {
          "start": {
            "line": 24,
            "column": 6
          },
          "end": {
            "line": 58,
            "column": 1
          }
        },
        "line": 24
      },
      "2": {
        "name": "(anonymous_2)",
        "decl": {
          "start": {
            "line": 28,
            "column": 18
          },
          "end": {
            "line": 28,
            "column": 19
          }
        },
        "loc": {
          "start": {
            "line": 28,
            "column": 29
          },
          "end": {
            "line": 28,
            "column": 41
          }
        },
        "line": 28
      },
      "3": {
        "name": "(anonymous_3)",
        "decl": {
          "start": {
            "line": 42,
            "column": 96
          },
          "end": {
            "line": 42,
            "column": 97
          }
        },
        "loc": {
          "start": {
            "line": 42,
            "column": 106
          },
          "end": {
            "line": 48,
            "column": 5
          }
        },
        "line": 42
      },
      "4": {
        "name": "(anonymous_4)",
        "decl": {
          "start": {
            "line": 59,
            "column": 52
          },
          "end": {
            "line": 59,
            "column": 53
          }
        },
        "loc": {
          "start": {
            "line": 59,
            "column": 63
          },
          "end": {
            "line": 61,
            "column": 1
          }
        },
        "line": 59
      },
      "5": {
        "name": "(anonymous_5)",
        "decl": {
          "start": {
            "line": 72,
            "column": 9
          },
          "end": {
            "line": 72,
            "column": 10
          }
        },
        "loc": {
          "start": {
            "line": 72,
            "column": 29
          },
          "end": {
            "line": 81,
            "column": 3
          }
        },
        "line": 72
      },
      "6": {
        "name": "(anonymous_6)",
        "decl": {
          "start": {
            "line": 74,
            "column": 27
          },
          "end": {
            "line": 74,
            "column": 28
          }
        },
        "loc": {
          "start": {
            "line": 74,
            "column": 44
          },
          "end": {
            "line": 80,
            "column": 5
          }
        },
        "line": 74
      }
    },
    "branchMap": {
      "0": {
        "loc": {
          "start": {
            "line": 5,
            "column": 0
          },
          "end": {
            "line": 15,
            "column": 1
          }
        },
        "type": "if",
        "locations": [
          {
            "start": {
              "line": 5,
              "column": 0
            },
            "end": {
              "line": 15,
              "column": 1
            }
          },
          {
            "start": {},
            "end": {}
          }
        ],
        "line": 5
      },
      "1": {
        "loc": {
          "start": {
            "line": 6,
            "column": 2
          },
          "end": {
            "line": 8,
            "column": 3
          }
        },
        "type": "if",
        "locations": [
          {
            "start": {
              "line": 6,
              "column": 2
            },
            "end": {
              "line": 8,
              "column": 3
            }
          },
          {
            "start": {},
            "end": {}
          }
        ],
        "line": 6
      },
      "2": {
        "loc": {
          "start": {
            "line": 32,
            "column": 24
          },
          "end": {
            "line": 32,
            "column": 94
          }
        },
        "type": "cond-expr",
        "locations": [
          {
            "start": {
              "line": 32,
              "column": 32
            },
            "end": {
              "line": 32,
              "column": 72
            }
          },
          {
            "start": {
              "line": 32,
              "column": 75
            },
            "end": {
              "line": 32,
              "column": 94
            }
          }
        ],
        "line": 32
      },
      "3": {
        "loc": {
          "start": {
            "line": 34,
            "column": 2
          },
          "end": {
            "line": 35,
            "column": 51
          }
        },
        "type": "if",
        "locations": [
          {
            "start": {
              "line": 34,
              "column": 2
            },
            "end": {
              "line": 35,
              "column": 51
            }
          },
          {
            "start": {},
            "end": {}
          }
        ],
        "line": 34
      },
      "4": {
        "loc": {
          "start": {
            "line": 35,
            "column": 12
          },
          "end": {
            "line": 35,
            "column": 50
          }
        },
        "type": "cond-expr",
        "locations": [
          {
            "start": {
              "line": 35,
              "column": 25
            },
            "end": {
              "line": 35,
              "column": 35
            }
          },
          {
            "start": {
              "line": 35,
              "column": 38
            },
            "end": {
              "line": 35,
              "column": 50
            }
          }
        ],
        "line": 35
      },
      "5": {
        "loc": {
          "start": {
            "line": 37,
            "column": 45
          },
          "end": {
            "line": 37,
            "column": 122
          }
        },
        "type": "cond-expr",
        "locations": [
          {
            "start": {
              "line": 37,
              "column": 60
            },
            "end": {
              "line": 37,
              "column": 100
            }
          },
          {
            "start": {
              "line": 37,
              "column": 103
            },
            "end": {
              "line": 37,
              "column": 122
            }
          }
        ],
        "line": 37
      },
      "6": {
        "loc": {
          "start": {
            "line": 42,
            "column": 72
          },
[...]
          "column": 0
        },
        "end": {
          "line": 85,
          "column": 1
        }
      },
      "13": {
        "start": {
          "line": 70,
          "column": 2
        },
        "end": {
          "line": 70,
          "column": 39
        }
      },
      "14": {
        "start": {
          "line": 71,
          "column": 2
        },
        "end": {
          "line": 71,
          "column": 39
        }
      },
      "15": {
        "start": {
          "line": 72,
          "column": 2
        },
        "end": {
          "line": 84,
          "column": 5
        }
      },
      "16": {
        "start": {
          "line": 76,
          "column": 4
        },
        "end": {
          "line": 76,
          "column": 137
        }
      },
      "17": {
        "start": {
          "line": 77,
          "column": 4
        },
        "end": {
          "line": 83,
          "column": 7
        }
      },
      "18": {
        "start": {
          "line": 78,
          "column": 6
        },
        "end": {
          "line": 79,
          "column": 15
        }
      },
      "19": {
        "start": {
          "line": 79,
          "column": 8
        },
        "end": {
          "line": 79,
          "column": 15
        }
      },
      "20": {
        "start": {
          "line": 80,
          "column": 32
        },
        "end": {
          "line": 80,
          "column": 115
        }
      },
      "21": {
        "start": {
          "line": 81,
          "column": 6
        },
        "end": {
          "line": 82,
          "column": 54
        }
      },
      "22": {
        "start": {
          "line": 82,
          "column": 8
        },
        "end": {
          "line": 82,
          "column": 54
        }
      }
    },
    "fnMap": {
      "0": {
        "name": "(anonymous_0)",
        "decl": {
          "start": {
            "line": 11,
            "column": 24
          },
          "end": {
            "line": 11,
            "column": 25
          }
        },
        "loc": {
          "start": {
            "line": 11,
            "column": 38
          },
          "end": {
            "line": 13,
            "column": 3
          }
        },
        "line": 11
      },
      "1": {
        "name": "(anonymous_1)",
        "decl": {
          "start": {
            "line": 21,
            "column": 15
          },
          "end": {
            "line": 21,
            "column": 16
          }
        },
        "loc": {
          "start": {
            "line": 21,
            "column": 21
          },
          "end": {
            "line": 64,
            "column": 1
          }
        },
        "line": 21
      },
      "2": {
        "name": "(anonymous_2)",
        "decl": {
          "start": {
            "line": 75,
            "column": 9
          },
          "end": {
            "line": 75,
            "column": 10
          }
        },
        "loc": {
          "start": {
            "line": 75,
            "column": 29
          },
          "end": {
            "line": 84,
            "column": 3
          }
        },
        "line": 75
      },
      "3": {
        "name": "(anonymous_3)",
        "decl": {
          "start": {
            "line": 77,
            "column": 27
          },
          "end": {
            "line": 77,
            "column": 28
          }
        },
        "loc": {
          "start": {
            "line": 77,
            "column": 44
          },
          "end": {
            "line": 83,
            "column": 5
          }
        },
        "line": 77
      }
    },
    "branchMap": {
      "0": {
        "loc": {
          "start": {
            "line": 5,
            "column": 0
          },
          "end": {
            "line": 15,
            "column": 1
          }
        },
        "type": "if",
        "locations": [
          {
            "start": {
              "line": 5,
              "column": 0
            },
            "end": {
              "line": 15,
              "column": 1
            }
          },
          {
            "start": {},
            "end": {}
          }
        ],
        "line": 5
      },
      "1": {
        "loc": {
          "start": {
            "line": 6,
            "column": 2
          },
          "end": {
            "line": 8,
            "column": 3
          }
        },
        "type": "if",
        "locations": [
          {
            "start": {
              "line": 6,
              "column": 2
            },
            "end": {
              "line": 8,
              "column": 3
            }
          },
          {
            "start": {},
            "end": {}
          }
        ],
        "line": 6
      },
      "2": {
        "loc": {
          "start": {
            "line": 69,
            "column": 0
          },
          "end": {
            "line": 85,
            "column": 1
          }
        },
        "type": "if",
        "locations": [
          {
            "start": {
              "line": 69,
              "column": 0
            },
            "end": {
              "line": 85,
              "column": 1
            }
          },
          {
            "start": {},
            "end": {}
          }
        ],
        "line": 69
      },
      "3": {
        "loc": {
          "start": {
            "line": 78,
            "column": 6
          },
          "end": {
            "line": 79,
            "column": 15
          }
        },
        "type": "if",
        "locations": [
          {
            "start": {
              "line": 78,
              "column": 6
            },
            "end": {
              "line": 79,
              "column": 15
            }
          },
          {
            "start": {},
            "end": {}
          }
        ],
        "line": 78
      },
      "4": {
        "loc": {
          "start": {
            "line": 81,
            "column": 6
          },
          "end": {
            "line": 82,
            "column": 54
          }
        },
        "type": "if",
        "locations": [
          {
            "start": {
              "line": 81,
              "column": 6
            },
            "end": {
              "line": 82,
              "column": 54
            }
          },
          {
            "start": {},
            "end": {}
          }
        ],
        "line": 81
      }
    },
    "s": {
      "0": 1,
      "1": 1,
      "2": 0,
      "3": 1,
      "4": 1,
      "5": 1,
      "6": 1,
      "7": 1,
      "8": 1,
      "9": 1,
      "10": 1,
      "11": 1,
      "12": 1,
      "13": 1,
      "14": 1,
      "15": 1,
      "16": 1,
      "17": 1,
      "18": 0,
      "19": 0,
      "20": 0,
      "21": 0,
      "22": 0
    },
    "f": {
      "0": 1,
      "1": 1,
      "2": 1,
      "3": 0
    },
    "b": {
      "0": [
        1,
        0
      ],
      "1": [
        0,
        1
      ],
      "2": [
        1,
        0
      ],
      "3": [
        0,
        0
      ],
      "4": [
        0,
        0
      ]
    },
    "inputSourceMap": {
      "version": 3,
      "mappings": "AAU+B;AAV/B,OAAOA,oBAAkB;AAAA;AAAA;AAAA;AAAA;AAAA;AAAA;AAAA;AAAA;AAAA;AAAA;AAAA;AAAA;AAAA;AACzB,OAAOC,UAAU;AACjB,OAAOC,WAAW;AAClB,OAAOC,cAAc;AACrB,OAAOC,UAAU;AACjB,SAASC,QAAQC,aAAa;AAE9B,MAAMC,SAASA,MAAM;AACnB,SACE,uBAAC,UACC;AAAA,2BAAC,SAAM,MAAK,KAAI,SAAS,uBAAC,UAAD;AAAA;AAAA;AAAA;AAAA,WAAK,KAA9B;AAAA;AAAA;AAAA;AAAA,WAAmC;AAAA,IACnC,uBAAC,SAAM,MAAK,UAAS,SAAS,uBAAC,WAAD;AAAA;AAAA;AAAA;AAAA,WAAM,KAApC;AAAA;AAAA;AAAA;AAAA,WAAyC;AAAA,IACzC,uBAAC,SAAM,MAAK,SAAQ,SAAS,uBAAC,UAAD;AAAA;AAAA;AAAA;AAAA,WAAK,KAAlC;AAAA;AAAA;AAAA;AAAA,WAAuC;AAAA,IACvC,uBAAC,SAAM,MAAK,KAAI,SAAS,uBAAC,cAAD;AAAA;AAAA;AAAA;AAAA,WAAS,KAAlC;AAAA;AAAA;AAAA;AAAA,WAAuC;AAAA,OAJzC;AAAA;AAAA;AAAA;AAAA,SAKA;AAEJ;AAAEC,KATID;AAWN,eAAeA;AAAO;AAAAE",
      "names": [
        "React",
        "Home",
        "About",
        "NotFound",
        "Form",
        "Routes",
        "Route",
        "Router",
        "_c",
        "$RefreshReg$"
      ],
      "sources": [
        "E:/Courses/RS-SCHOOLL/STAGE 3/react-rss/react/src/routes/router.tsx"
      ],
      "file": "E:/Courses/RS-SCHOOLL/STAGE 3/react-rss/react/src/routes/router.tsx"
    },
    "_coverageSchema": "1a1c01bbd47fc00a2c39e90264f33305004495a9",
    "hash": "5624fcb24d984cb9cbdb9c89045ab0e57f25d8ee"
  },
  "E:/Courses/RS-SCHOOLL/STAGE 3/react-rss/react/src/App.tsx": {
    "path": "E:/Courses/RS-SCHOOLL/STAGE 3/react-rss/react/src/App.tsx",
    "statementMap": {
      "0": {
        "start": {
          "line": 5,
          "column": 0
        },
        "end": {
          "line": 15,
          "column": 1
        }
      },
      "1": {
        "start": {
          "line": 6,
          "column": 2
        },
        "end": {
          "line": 8,
          "column": 3
        }
      },
      "2": {
        "start": {
          "line": 7,
          "column": 4
        },
        "end": {
          "line": 7,
          "column": 165
        }
      },
      "3": {
        "start": {
          "line": 9,
          "column": 2
        },
        "end": {
          "line": 9,
          "column": 39
        }
      },
      "4": {
        "start": {
          "line": 10,
          "column": 2
        },
        "end": {
          "line": 10,
          "column": 39
        }
      },
      "5": {
        "start": {
          "line": 11,
          "column": 2
        },
        "end": {
          "line": 13,
          "column": 4
        }
      },
      "6": {
        "start": {
          "line": 12,
          "column": 4
        },
        "end": {
          "line": 12,
          "column": 101
        }
      },
      "7": {
        "start": {
          "line": 14,
          "column": 2
        },
        "end": {
          "line": 14,
          "column": 75
        }
      },
      "8": {
        "start": {
          "line": 19,
          "column": 12
        },
        "end": {
          "line": 40,
          "column": 1
        }
      },
      "9": {
        "start": {
          "line": 20,
          "column": 2
        },
        "end": {
          "line": 39,
          "column": 11
        }
      },
      "10": {
        "start": {
          "line": 41,
          "column": 0
        },
        "end": {
          "line": 41,
          "column": 9
        }
      },
      "11": {
        "start": {
          "line": 44,
          "column": 0
        },
        "end": {
          "line": 44,
          "column": 24
        }
      },
      "12": {
        "start": {
          "line": 45,
          "column": 0
        },
        "end": {
          "line": 61,
          "column": 1
        }
      },
      "13": {
        "start": {
          "line": 46,
          "column": 2
        },
        "end": {
          "line": 46,
          "column": 39
        }
      },
      "14": {
        "start": {
          "line": 47,
          "column": 2
        },
        "end": {
          "line": 47,
          "column": 39
        }
      },
      "15": {
        "start": {
          "line": 48,
          "column": 2
        },
        "end": {
          "line": 60,
          "column": 5
        }
      },
      "16": {
        "start": {
          "line": 52,
          "column": 4
        },
        "end": {
          "line": 52,
          "column": 127
        }
      },
      "17": {
        "start": {
          "line": 53,
          "column": 4
        },
        "end": {
          "line": 59,
          "column": 7
        }
      },
      "18": {
        "start": {
          "line": 54,
          "column": 6
        },
        "end": {
          "line": 55,
          "column": 15
        }
      },
      "19": {
        "start": {
          "line": 55,
          "column": 8
        },
        "end": {
          "line": 55,
          "column": 15
        }
      },
      "20": {
        "start": {
          "line": 56,
          "column": 32
        },
        "end": {
          "line": 56,
          "column": 115
        }
      },
      "21": {
        "start": {
          "line": 57,
          "column": 6
        },
        "end": {
          "line": 58,
          "column": 54
        }
      },
      "22": {
        "start": {
          "line": 58,
          "column": 8
        },
        "end": {
          "line": 58,
          "column": 54
        }
      }
    },
    "fnMap": {
      "0": {
        "name": "(anonymous_0)",
        "decl": {
          "start": {
            "line": 11,
            "column": 24
          },
          "end": {
            "line": 11,
            "column": 25
          }
        },
        "loc": {
          "start": {
            "line": 11,
            "column": 38
          },
          "end": {
            "line": 13,
            "column": 3
          }
        },
        "line": 11
      },
      "1": {
        "name": "(anonymous_1)",
        "decl": {
          "start": {
            "line": 19,
            "column": 12
          },
          "end": {
            "line": 19,
            "column": 13
          }
        },
        "loc": {
          "start": {
            "line": 19,
            "column": 18
          },
          "end": {
            "line": 40,
            "column": 1
          }
        },
        "line": 19
      },
      "2": {
        "name": "(anonymous_2)",
        "decl": {
          "start": {
            "line": 51,
            "column": 9
          },
          "end": {
            "line": 51,
            "column": 10
          }
        },
        "loc": {
          "start": {
            "line": 51,
            "column": 29
          },
          "end": {
            "line": 60,
            "column": 3
          }
        },
        "line": 51
      },
      "3": {
        "name": "(anonymous_3)",
        "decl": {
          "start": {
            "line": 53,
            "column": 27
          },
          "end": {
            "line": 53,
            "column": 28
          }
        },
        "loc": {
          "start": {
            "line": 53,
            "column": 44
          },
          "end": {
            "line": 59,
            "column": 5
          }
        },
        "line": 53
      }
    },
    "branchMap": {
      "0": {
        "loc": {
          "start": {
            "line": 5,
            "column": 0
          },
          "end": {
            "line": 15,
            "column": 1
          }
        },
        "type": "if",
        "locations": [
          {
            "start": {
              "line": 5,
              "column": 0
            },
            "end": {
              "line": 15,
              "column": 1
            }
          },
          {
            "start": {},
            "end": {}
          }
        ],
        "line": 5
      },
      "1": {
        "loc": {
          "start": {
            "line": 6,
            "column": 2
          },
          "end": {
            "line": 8,
            "column": 3
          }
        },
        "type": "if",
        "locations": [
          {
            "start": {
              "line": 6,
              "column": 2
            },
            "end": {
              "line": 8,
              "column": 3
            }
          },
          {
            "start": {},
            "end": {}
          }
        ],
        "line": 6
      },
      "2": {
        "loc": {
          "start": {
            "line": 45,
            "column": 0
          },
          "end": {
            "line": 61,
            "column": 1
          }
        },
        "type": "if",
        "locations": [
          {
            "start": {
              "line": 45,
              "column": 0
            },
            "end": {
              "line": 61,
              "column": 1
            }
          },
          {
            "start": {},
            "end": {}
          }
        ],
        "line": 45
      },
      "3": {
        "loc": {
          "start": {
            "line": 54,
            "column": 6
          },
          "end": {
            "line": 55,
            "column": 15
          }
        },
        "type": "if",
        "locations": [
          {
            "start": {
              "line": 54,
              "column": 6
            },
            "end": {
              "line": 55,
              "column": 15
            }
          },
          {
            "start": {},
            "end": {}
          }
        ],
        "line": 54
      },
      "4": {
        "loc": {
          "start": {
            "line": 57,
            "column": 6
          },
          "end": {
            "line": 58,
            "column": 54
          }
        },
        "type": "if",
        "locations": [
          {
            "start": {
              "line": 57,
              "column": 6
            },
            "end": {
              "line": 58,
              "column": 54
            }
          },
          {
            "start": {},
            "end": {}
          }
        ],
        "line": 57
      }
    },
    "s": {
      "0": 1,
      "1": 1,
      "2": 0,
      "3": 1,
      "4": 1,
      "5": 1,
      "6": 1,
      "7": 1,
      "8": 1,
      "9": 1,
      "10": 1,
      "11": 1,
      "12": 1,
      "13": 1,
      "14": 1,
      "15": 1,
      "16": 1,
      "17": 1,
      "18": 0,
      "19": 0,
      "20": 0,
      "21": 0,
      "22": 0
    },
    "f": {
      "0": 1,
      "1": 1,
      "2": 1,
      "3": 0
    },
    "b": {
      "0": [
        1,
        0
      ],
      "1": [
        0,
        1
      ],
      "2": [
        1,
        0
      ],
      "3": [
        0,
        0
      ],
      "4": [
        0,
        0
      ]
    },
    "inputSourceMap": {
      "version": 3,
      "mappings": "AAQM;AARN,OAAOA,oBAAkB;AAAA;AAAA;AAAA;AAAA;AAAA;AAAA;AAAA;AAAA;AAAA;AAAA;AAAA;AAAA;AAAA;AACzB,OAAOC,YAAY;AACnB,OAAOC,YAAY;AACnB,OAAO;AAEP,MAAMC,MAAMA,MAAM;AAChB,SACE,uBAAC,SAAI,WAAU,OACb;AAAA,2BAAC,YAAD;AAAA;AAAA;AAAA;AAAA,WAAO;AAAA,IACP,uBAAC,UAAK,WAAU,QACd,iCAAC,YAAD;AAAA;AAAA;AAAA;AAAA,WAAO,KADT;AAAA;AAAA;AAAA;AAAA,WAEA;AAAA,OAJF;AAAA;AAAA;AAAA;AAAA,SAKA;AAEJ;AAAEC,KATID;AAWN,eAAeA;AAAI;AAAAE",
      "names": [
        "React",
        "Header",
        "Router",
        "App",
        "_c",
        "$RefreshReg$"
      ],
      "sources": [
        "E:/Courses/RS-SCHOOLL/STAGE 3/react-rss/react/src/App.tsx"
      ],
      "file": "E:/Courses/RS-SCHOOLL/STAGE 3/react-rss/react/src/App.tsx"
    },
    "_coverageSchema": "1a1c01bbd47fc00a2c39e90264f33305004495a9",
    "hash": "f629f7a5764e7a94673b91363c5454cf0b39ecc5"
  },
  "E:/Courses/RS-SCHOOLL/STAGE 3/react-rss/react/src/entry-client.tsx": {
    "path": "E:/Courses/RS-SCHOOLL/STAGE 3/react-rss/react/src/entry-client.tsx",
    "statementMap": {
      "0": {
        "start": {
          "line": 8,
          "column": 0
        },
        "end": {
          "line": 20,
          "column": 10
        }
      }
    },
    "fnMap": {},
    "branchMap": {},
    "s": {
      "0": 1
    },
    "f": {},
    "b": {},
    "inputSourceMap": {
      "version": 3,
      "mappings": "AAYM;AAXN,OAAOA,cAAc;AACrB,SAASC,qBAAqB;AAC9B,SAASC,gBAAgB;AACzB,SAASC,aAAa;AACtB,OAAOC,SAAS;AAChB,OAAO;AAEPJ,SAASK,YACPC,SAASC,eAAe,MAAM,GAC9B,uBAAC,iBACC,iCAAC,YAAS,OACR,iCAAC,SAAD;AAAA;AAAA;AAAA;AAAA,OAAI,KADN;AAAA;AAAA;AAAA;AAAA,OAEA,KAHF;AAAA;AAAA;AAAA;AAAA,OAIA,CAAgB",
      "names": [
        "ReactDOM",
        "BrowserRouter",
        "Provider",
        "store",
        "App",
        "hydrateRoot",
        "document",
        "getElementById"
      ],
      "sources": [
        "E:/Courses/RS-SCHOOLL/STAGE 3/react-rss/react/src/entry-client.tsx"
      ],
      "file": "E:/Courses/RS-SCHOOLL/STAGE 3/react-rss/react/src/entry-client.tsx"
    },
    "_coverageSchema": "1a1c01bbd47fc00a2c39e90264f33305004495a9",
    "hash": "f03ed5d649f9db11940f237f12f75980262245ef"
  }
}